  [4;36;1mSQL (0.3ms)[0m   [0;1mSET client_min_messages TO 'panic'[0m
  [4;35;1mSQL (0.2ms)[0m   [0mSET standard_conforming_strings = on[0m
  [4;36;1mSQL (0.2ms)[0m   [0;1mSET client_min_messages TO 'notice'[0m


Processing ApplicationController#index (for 127.0.0.1 at 2010-10-21 21:43:59) [GET]

NameError (uninitialized constant HomeController):
  haml (3.0.18) lib/sass/plugin/rack.rb:41:in `call'
  <internal:prelude>:8:in `synchronize'
  /opt/local/lib/ruby1.9/1.9.1/webrick/httpserver.rb:111:in `service'
  /opt/local/lib/ruby1.9/1.9.1/webrick/httpserver.rb:70:in `run'
  /opt/local/lib/ruby1.9/1.9.1/webrick/server.rb:183:in `block in start_thread'

Rendered rescues/_trace (53.2ms)
Rendered rescues/_request_and_response (1.4ms)
Rendering rescues/layout (internal_server_error)
  [4;35;1mSQL (0.1ms)[0m   [0mSET client_min_messages TO 'panic'[0m
  [4;36;1mSQL (0.1ms)[0m   [0;1mSET standard_conforming_strings = on[0m
  [4;35;1mSQL (0.1ms)[0m   [0mSET client_min_messages TO 'notice'[0m


Processing HomeController#index (for 127.0.0.1 at 2010-10-21 21:51:49) [GET]
Rendering template within layouts/application
Rendering home/index
Completed in 133ms (View: 131, DB: 0) | 200 OK [http://localhost/]
  [4;36;1mSQL (0.1ms)[0m   [0;1mSET client_min_messages TO 'panic'[0m
  [4;35;1mSQL (0.1ms)[0m   [0mSET standard_conforming_strings = on[0m
  [4;36;1mSQL (0.1ms)[0m   [0;1mSET client_min_messages TO 'notice'[0m


Processing HomeController#index (for 127.0.0.1 at 2010-10-21 21:52:38) [GET]
Rendering template within layouts/application
Rendering home/index
Completed in 38ms (View: 36, DB: 0) | 200 OK [http://localhost/]
  [4;36;1mSQL (0.1ms)[0m   [0;1mSET client_min_messages TO 'panic'[0m
  [4;35;1mSQL (0.1ms)[0m   [0mSET standard_conforming_strings = on[0m
  [4;36;1mSQL (0.1ms)[0m   [0;1mSET client_min_messages TO 'notice'[0m
  [4;35;1mSQL (319.0ms)[0m   [0mCREATE TABLE "schema_migrations" ("version" character varying(255) NOT NULL) [0m
  [4;36;1mSQL (94.2ms)[0m   [0;1mCREATE UNIQUE INDEX "unique_schema_migrations" ON "schema_migrations" ("version")[0m
  [4;35;1mSQL (0.5ms)[0m   [0mSELECT version FROM schema_migrations[0m
Migrating to CreateUsers (20101022015438)
  [4;36;1mSQL (0.1ms)[0m   [0;1mBEGIN[0m
  [4;35;1mSQL (315.1ms)[0m   [0mCREATE TABLE "users" ("id" serial primary key, "username" character varying(255), "email" character varying(255), "password_hash" character varying(255), "password_salt" character varying(255), "created_at" timestamp, "updated_at" timestamp) [0m
  [4;36;1mSQL (19.1ms)[0m   [0;1mINSERT INTO schema_migrations (version) VALUES ('20101022015438')[0m
  [4;35;1mSQL (0.9ms)[0m   [0mCOMMIT[0m
  [4;36;1mSQL (0.3ms)[0m   [0;1mSELECT version FROM schema_migrations[0m
  [4;36;1mSQL (0.1ms)[0m   [0;1mSET client_min_messages TO 'panic'[0m
  [4;35;1mSQL (0.2ms)[0m   [0mSET standard_conforming_strings = on[0m
  [4;36;1mSQL (0.1ms)[0m   [0;1mSET client_min_messages TO 'notice'[0m


Processing HomeController#index (for 127.0.0.1 at 2010-10-21 22:02:04) [GET]
  Parameters: {"controller"=>"home", "action"=>"index"}
Rendering template within layouts/application
Rendering home/index
Completed in 43ms (View: 41, DB: 0) | 200 OK [http://localhost/]
  [4;35;1mSQL (0.1ms)[0m   [0mSET client_min_messages TO 'panic'[0m
  [4;36;1mSQL (0.1ms)[0m   [0;1mSET standard_conforming_strings = on[0m
  [4;35;1mSQL (0.1ms)[0m   [0mSET client_min_messages TO 'notice'[0m


Processing HomeController#index (for 127.0.0.1 at 2010-10-21 22:02:13) [GET]
  Parameters: {"controller"=>"home", "action"=>"index"}
Rendering template within layouts/application
Rendering home/index
Completed in 53ms (View: 51, DB: 0) | 200 OK [http://localhost/]
  [4;36;1mSQL (0.1ms)[0m   [0;1mSET client_min_messages TO 'panic'[0m
  [4;35;1mSQL (0.1ms)[0m   [0mSET standard_conforming_strings = on[0m
  [4;36;1mSQL (0.1ms)[0m   [0;1mSET client_min_messages TO 'notice'[0m


Processing HomeController#index (for 127.0.0.1 at 2010-10-21 22:06:43) [GET]
  Parameters: {"controller"=>"home", "action"=>"index"}
Rendering template within layouts/application
Rendering home/index
Completed in 13ms (View: 11, DB: 0) | 200 OK [http://localhost/]
  [4;36;1mSQL (0.1ms)[0m   [0;1mSET client_min_messages TO 'panic'[0m
  [4;35;1mSQL (0.2ms)[0m   [0mSET standard_conforming_strings = on[0m
  [4;36;1mSQL (0.1ms)[0m   [0;1mSET client_min_messages TO 'notice'[0m


Processing HomeController#index (for 127.0.0.1 at 2010-10-22 07:50:23) [GET]
  Parameters: {"controller"=>"home", "action"=>"index"}
Rendering template within layouts/application
Rendering home/index
Completed in 50ms (View: 48, DB: 0) | 200 OK [http://localhost/]
  [4;35;1mSQL (0.1ms)[0m   [0mSET client_min_messages TO 'panic'[0m
  [4;36;1mSQL (0.1ms)[0m   [0;1mSET standard_conforming_strings = on[0m
  [4;35;1mSQL (0.1ms)[0m   [0mSET client_min_messages TO 'notice'[0m


Processing SessionsController#new (for 127.0.0.1 at 2010-10-22 07:50:28) [GET]
  Parameters: {"controller"=>"sessions", "action"=>"new"}
Rendering template within layouts/application
Rendering sessions/new
Completed in 51ms (View: 48, DB: 0) | 200 OK [http://localhost/login]
  [4;36;1mSQL (0.1ms)[0m   [0;1mSET client_min_messages TO 'panic'[0m
  [4;35;1mSQL (0.1ms)[0m   [0mSET standard_conforming_strings = on[0m
  [4;36;1mSQL (0.1ms)[0m   [0;1mSET client_min_messages TO 'notice'[0m


Processing UsersController#new (for 127.0.0.1 at 2010-10-22 07:50:32) [GET]
  Parameters: {"controller"=>"users", "action"=>"new"}
Rendering template within layouts/application
Rendering users/new
Completed in 152ms (View: 27, DB: 0) | 200 OK [http://localhost/signup]
  [4;35;1mSQL (0.1ms)[0m   [0mSET client_min_messages TO 'panic'[0m
  [4;36;1mSQL (0.1ms)[0m   [0;1mSET standard_conforming_strings = on[0m
  [4;35;1mSQL (0.1ms)[0m   [0mSET client_min_messages TO 'notice'[0m


Processing UsersController#create (for 127.0.0.1 at 2010-10-22 07:50:51) [POST]
  Parameters: {"authenticity_token"=>"wfiNYoIlyMTd8SM+YcAK5TtYj0pw2+m9C990vLEKHc8=", "user"=>{"username"=>"rachel", "email"=>"rachel@rachel.com", "password"=>"[FILTERED]", "password_confirmation"=>"[FILTERED]"}, "commit"=>"Sign up", "controller"=>"users", "action"=>"create"}
  [4;36;1mSQL (0.2ms)[0m   [0;1mBEGIN[0m
  [4;35;1mUser Load (29.0ms)[0m   [0mSELECT "users".id FROM "users" WHERE ("users"."username" = 'rachel') LIMIT 1[0m
  [4;36;1mUser Load (0.3ms)[0m   [0;1mSELECT "users".id FROM "users" WHERE ("users"."email" = 'rachel@rachel.com') LIMIT 1[0m
  [4;35;1mSQL (28.1ms)[0m   [0mINSERT INTO "users" ("username", "email", "password_hash", "password_salt", "created_at", "updated_at") VALUES('rachel', 'rachel@rachel.com', 'e20b5355a34871f14c175c4b54d5f5643564881c', '30b365703fb71e3aceb8efef4774e30a61832921', '2010-10-22 11:50:51.303786', '2010-10-22 11:50:51.303786') RETURNING "id"[0m
  [4;36;1mSQL (1.1ms)[0m   [0;1mCOMMIT[0m
Redirected to http://localhost:3000/
Completed in 88ms (DB: 59) | 302 Found [http://localhost/users]
  [4;35;1mSQL (0.1ms)[0m   [0mSET client_min_messages TO 'panic'[0m
  [4;36;1mSQL (0.1ms)[0m   [0;1mSET standard_conforming_strings = on[0m
  [4;35;1mSQL (0.1ms)[0m   [0mSET client_min_messages TO 'notice'[0m


Processing HomeController#index (for 127.0.0.1 at 2010-10-22 07:50:51) [GET]
  Parameters: {"controller"=>"home", "action"=>"index"}
Rendering template within layouts/application
Rendering home/index
Completed in 5ms (View: 2, DB: 0) | 200 OK [http://localhost/]
  [4;36;1mSQL (0.4ms)[0m   [0;1mSET client_min_messages TO 'panic'[0m
  [4;35;1mSQL (0.5ms)[0m   [0mSET standard_conforming_strings = on[0m
  [4;36;1mSQL (0.3ms)[0m   [0;1mSET client_min_messages TO 'notice'[0m
  [4;35;1mSQL (25.2ms)[0m   [0mSELECT version FROM schema_migrations[0m
Migrating to CreateUsers (20101022015438)
Migrating to CreateContentPieces (20101022132327)
  [4;36;1mSQL (0.2ms)[0m   [0;1mBEGIN[0m
  [4;35;1mSQL (440.0ms)[0m   [0mCREATE TABLE "content_pieces" ("id" serial primary key, "controller" character varying(255), "view" character varying(255), "area" character varying(255), "content" text, "created_at" timestamp, "updated_at" timestamp) [0m
  [4;36;1mSQL (64.1ms)[0m   [0;1mINSERT INTO schema_migrations (version) VALUES ('20101022132327')[0m
  [4;35;1mSQL (10.3ms)[0m   [0mCOMMIT[0m
  [4;36;1mSQL (0.5ms)[0m   [0;1mSELECT version FROM schema_migrations[0m
  [4;36;1mSQL (0.1ms)[0m   [0;1mSET client_min_messages TO 'panic'[0m
  [4;35;1mSQL (0.1ms)[0m   [0mSET standard_conforming_strings = on[0m
  [4;36;1mSQL (0.2ms)[0m   [0;1mSET client_min_messages TO 'notice'[0m


Processing ContentPiecesController#index (for 127.0.0.1 at 2010-10-22 09:25:37) [GET]
  Parameters: {"controller"=>"content_pieces", "action"=>"index"}
  [4;35;1mContentPiece Load (40.3ms)[0m   [0mSELECT * FROM "content_pieces" [0m
Rendering template within layouts/application
Rendering content_pieces/index
Completed in 135ms (View: 90, DB: 41) | 200 OK [http://localhost/content_pieces]
  [4;36;1mSQL (0.1ms)[0m   [0;1mSET client_min_messages TO 'panic'[0m
  [4;35;1mSQL (0.1ms)[0m   [0mSET standard_conforming_strings = on[0m
  [4;36;1mSQL (0.2ms)[0m   [0;1mSET client_min_messages TO 'notice'[0m


Processing ContentPiecesController#new (for 127.0.0.1 at 2010-10-22 09:26:28) [GET]
  Parameters: {"controller"=>"content_pieces", "action"=>"new"}
Rendering template within layouts/application
Rendering content_pieces/new
Rendered content_pieces/_form (9.6ms)
Completed in 155ms (View: 32, DB: 0) | 200 OK [http://localhost/content_pieces/new]
  [4;35;1mSQL (0.1ms)[0m   [0mSET client_min_messages TO 'panic'[0m
  [4;36;1mSQL (0.1ms)[0m   [0;1mSET standard_conforming_strings = on[0m
  [4;35;1mSQL (0.1ms)[0m   [0mSET client_min_messages TO 'notice'[0m


Processing ContentPiecesController#new (for 127.0.0.1 at 2010-10-22 09:34:05) [GET]
  Parameters: {"controller"=>"content_pieces", "action"=>"new"}
Rendering template within layouts/application
Rendering content_pieces/new
Rendered content_pieces/_form (7.3ms)
Rendered shared/_scripts (0.8ms)
Completed in 41ms (View: 32, DB: 0) | 200 OK [http://localhost/content_pieces/new]
  [4;36;1mSQL (0.1ms)[0m   [0;1mSET client_min_messages TO 'panic'[0m
  [4;35;1mSQL (0.1ms)[0m   [0mSET standard_conforming_strings = on[0m
  [4;36;1mSQL (0.1ms)[0m   [0;1mSET client_min_messages TO 'notice'[0m


Processing ContentPiecesController#create (for 127.0.0.1 at 2010-10-22 09:44:36) [POST]
  Parameters: {"authenticity_token"=>"wfiNYoIlyMTd8SM+YcAK5TtYj0pw2+m9C990vLEKHc8=", "content_piece"=>{"controller"=>"about", "view"=>"index", "area"=>"main", "content"=>"<h2>hello world</h2>\r\n\r\n<p>Here is my content for the about page where I tell you all about how <strong>awesome</strong> I am. Yay!</p>"}, "commit"=>"Save changes", "controller"=>"content_pieces", "action"=>"create"}
  [4;35;1mSQL (0.1ms)[0m   [0mBEGIN[0m
  [4;36;1mSQL (40.2ms)[0m   [0;1mINSERT INTO "content_pieces" ("controller", "view", "area", "content", "created_at", "updated_at") VALUES('about', 'index', 'main', '<h2>hello world</h2>

<p>Here is my content for the about page where I tell you all about how <strong>awesome</strong> I am. Yay!</p>', '2010-10-22 13:44:36.392438', '2010-10-22 13:44:36.392438') RETURNING "id"[0m
  [4;35;1mSQL (1.0ms)[0m   [0mCOMMIT[0m
Redirected to http://localhost:3000/content_pieces/1
Completed in 61ms (DB: 42) | 302 Found [http://localhost/content_pieces]
  [4;36;1mSQL (0.1ms)[0m   [0;1mSET client_min_messages TO 'panic'[0m
  [4;35;1mSQL (0.1ms)[0m   [0mSET standard_conforming_strings = on[0m
  [4;36;1mSQL (0.1ms)[0m   [0;1mSET client_min_messages TO 'notice'[0m


Processing ContentPiecesController#show (for 127.0.0.1 at 2010-10-22 09:44:36) [GET]
  Parameters: {"controller"=>"content_pieces", "action"=>"show", "id"=>"1"}
  [4;35;1mContentPiece Load (17.7ms)[0m   [0mSELECT * FROM "content_pieces" WHERE ("content_pieces"."id" = 1) [0m
Rendering template within layouts/application
Rendering content_pieces/show
Rendered shared/_scripts (0.1ms)
Completed in 51ms (View: 24, DB: 18) | 200 OK [http://localhost/content_pieces/1]
  [4;36;1mSQL (0.1ms)[0m   [0;1mSET client_min_messages TO 'panic'[0m
  [4;35;1mSQL (0.1ms)[0m   [0mSET standard_conforming_strings = on[0m
  [4;36;1mSQL (0.1ms)[0m   [0;1mSET client_min_messages TO 'notice'[0m


Processing ContentPiecesController#edit (for 127.0.0.1 at 2010-10-22 09:46:59) [GET]
  Parameters: {"controller"=>"content_pieces", "action"=>"edit", "id"=>"1"}
  [4;35;1mContentPiece Load (0.6ms)[0m   [0mSELECT * FROM "content_pieces" WHERE ("content_pieces"."id" = 1) [0m
Rendering template within layouts/application
Rendering content_pieces/edit
Rendered content_pieces/_form (7.2ms)
Rendered shared/_scripts (0.5ms)
Completed in 37ms (View: 27, DB: 1) | 200 OK [http://localhost/content_pieces/1/edit]
  [4;36;1mSQL (0.1ms)[0m   [0;1mSET client_min_messages TO 'panic'[0m
  [4;35;1mSQL (0.1ms)[0m   [0mSET standard_conforming_strings = on[0m
  [4;36;1mSQL (0.1ms)[0m   [0;1mSET client_min_messages TO 'notice'[0m


Processing ContentPiecesController#update (for 127.0.0.1 at 2010-10-22 09:47:29) [PUT]
  Parameters: {"_method"=>"put", "authenticity_token"=>"wfiNYoIlyMTd8SM+YcAK5TtYj0pw2+m9C990vLEKHc8=", "content_piece"=>{"controller"=>"about", "view"=>"index", "area"=>"main", "content"=>"<h2>hello world</h2>\r\n\r\n<p>Here is my content for the about page where I tell you all about how <strong>awesome</strong> I am. Yay!</p>"}, "commit"=>"Save changes", "controller"=>"content_pieces", "action"=>"update", "id"=>"1"}
  [4;35;1mContentPiece Load (0.6ms)[0m   [0mSELECT * FROM "content_pieces" WHERE ("content_pieces"."id" = 1) [0m
  [4;36;1mSQL (0.1ms)[0m   [0;1mBEGIN[0m
  [4;35;1mSQL (0.1ms)[0m   [0mCOMMIT[0m
Redirected to http://localhost:3000/content_pieces/1
Completed in 15ms (DB: 1) | 302 Found [http://localhost/content_pieces/1]
  [4;36;1mSQL (0.1ms)[0m   [0;1mSET client_min_messages TO 'panic'[0m
  [4;35;1mSQL (0.1ms)[0m   [0mSET standard_conforming_strings = on[0m
  [4;36;1mSQL (0.1ms)[0m   [0;1mSET client_min_messages TO 'notice'[0m


Processing ContentPiecesController#show (for 127.0.0.1 at 2010-10-22 09:47:29) [GET]
  Parameters: {"controller"=>"content_pieces", "action"=>"show", "id"=>"1"}
  [4;35;1mContentPiece Load (0.6ms)[0m   [0mSELECT * FROM "content_pieces" WHERE ("content_pieces"."id" = 1) [0m
Rendering template within layouts/application
Rendering content_pieces/show
Rendered shared/_scripts (0.1ms)
Completed in 17ms (View: 6, DB: 1) | 200 OK [http://localhost/content_pieces/1]
  [4;36;1mSQL (0.1ms)[0m   [0;1mSET client_min_messages TO 'panic'[0m
  [4;35;1mSQL (0.1ms)[0m   [0mSET standard_conforming_strings = on[0m
  [4;36;1mSQL (0.1ms)[0m   [0;1mSET client_min_messages TO 'notice'[0m


Processing ContentPiecesController#edit (for 127.0.0.1 at 2010-10-22 09:47:33) [GET]
  Parameters: {"controller"=>"content_pieces", "action"=>"edit", "id"=>"1"}
  [4;35;1mContentPiece Load (0.6ms)[0m   [0mSELECT * FROM "content_pieces" WHERE ("content_pieces"."id" = 1) [0m
Rendering template within layouts/application
Rendering content_pieces/edit
Rendered content_pieces/_form (7.4ms)
Rendered shared/_scripts (0.1ms)
Completed in 20ms (View: 10, DB: 1) | 200 OK [http://localhost/content_pieces/1/edit]
  [4;36;1mSQL (0.1ms)[0m   [0;1mSET client_min_messages TO 'panic'[0m
  [4;35;1mSQL (0.1ms)[0m   [0mSET standard_conforming_strings = on[0m
  [4;36;1mSQL (0.1ms)[0m   [0;1mSET client_min_messages TO 'notice'[0m


Processing ContentPiecesController#edit (for 127.0.0.1 at 2010-10-22 09:47:35) [GET]
  Parameters: {"controller"=>"content_pieces", "action"=>"edit", "id"=>"1"}
  [4;35;1mContentPiece Load (0.6ms)[0m   [0mSELECT * FROM "content_pieces" WHERE ("content_pieces"."id" = 1) [0m
Rendering template within layouts/application
Rendering content_pieces/edit
Rendered content_pieces/_form (7.6ms)
Rendered shared/_scripts (0.1ms)
Completed in 21ms (View: 10, DB: 1) | 200 OK [http://localhost/content_pieces/1/edit]
  [4;36;1mSQL (0.1ms)[0m   [0;1mSET client_min_messages TO 'panic'[0m
  [4;35;1mSQL (0.1ms)[0m   [0mSET standard_conforming_strings = on[0m
  [4;36;1mSQL (0.1ms)[0m   [0;1mSET client_min_messages TO 'notice'[0m


Processing ContentPiecesController#edit (for 127.0.0.1 at 2010-10-22 09:49:30) [GET]
  Parameters: {"controller"=>"content_pieces", "action"=>"edit", "id"=>"1"}
  [4;35;1mContentPiece Load (0.6ms)[0m   [0mSELECT * FROM "content_pieces" WHERE ("content_pieces"."id" = 1) [0m
Rendering template within layouts/application
Rendering content_pieces/edit
Rendered content_pieces/_form (7.4ms)
Rendered shared/_scripts (0.5ms)
Completed in 40ms (View: 29, DB: 1) | 200 OK [http://localhost/content_pieces/1/edit]
  [4;36;1mSQL (0.1ms)[0m   [0;1mSET client_min_messages TO 'panic'[0m
  [4;35;1mSQL (0.1ms)[0m   [0mSET standard_conforming_strings = on[0m
  [4;36;1mSQL (0.1ms)[0m   [0;1mSET client_min_messages TO 'notice'[0m


Processing ContentPiecesController#update (for 127.0.0.1 at 2010-10-22 09:50:27) [PUT]
  Parameters: {"_method"=>"put", "authenticity_token"=>"wfiNYoIlyMTd8SM+YcAK5TtYj0pw2+m9C990vLEKHc8=", "content_piece"=>{"controller"=>"about", "view"=>"index", "area"=>"main", "content"=>"##hello world\r\n\r\nHere is my content for the about page where I tell you all about how **awesome** I am. Yay!"}, "commit"=>"Save changes", "controller"=>"content_pieces", "action"=>"update", "id"=>"1"}
  [4;35;1mContentPiece Load (0.5ms)[0m   [0mSELECT * FROM "content_pieces" WHERE ("content_pieces"."id" = 1) [0m
  [4;36;1mSQL (0.1ms)[0m   [0;1mBEGIN[0m
  [4;35;1mContentPiece Update (82.4ms)[0m   [0mUPDATE "content_pieces" SET "content" = '##hello world

Here is my content for the about page where I tell you all about how **awesome** I am. Yay!', "updated_at" = '2010-10-22 13:50:27.517538' WHERE "id" = 1[0m
  [4;36;1mSQL (1.3ms)[0m   [0;1mCOMMIT[0m
Redirected to http://localhost:3000/content_pieces/1
Completed in 99ms (DB: 85) | 302 Found [http://localhost/content_pieces/1]
  [4;35;1mSQL (0.1ms)[0m   [0mSET client_min_messages TO 'panic'[0m
  [4;36;1mSQL (0.1ms)[0m   [0;1mSET standard_conforming_strings = on[0m
  [4;35;1mSQL (0.1ms)[0m   [0mSET client_min_messages TO 'notice'[0m


Processing ContentPiecesController#show (for 127.0.0.1 at 2010-10-22 09:50:27) [GET]
  Parameters: {"controller"=>"content_pieces", "action"=>"show", "id"=>"1"}
  [4;36;1mContentPiece Load (0.5ms)[0m   [0;1mSELECT * FROM "content_pieces" WHERE ("content_pieces"."id" = 1) [0m
Rendering template within layouts/application
Rendering content_pieces/show
Rendered shared/_scripts (0.1ms)
Completed in 15ms (View: 5, DB: 1) | 200 OK [http://localhost/content_pieces/1]
  [4;35;1mSQL (0.1ms)[0m   [0mSET client_min_messages TO 'panic'[0m
  [4;36;1mSQL (0.1ms)[0m   [0;1mSET standard_conforming_strings = on[0m
  [4;35;1mSQL (0.1ms)[0m   [0mSET client_min_messages TO 'notice'[0m


Processing ContentPiecesController#index (for 127.0.0.1 at 2010-10-22 09:50:34) [GET]
  Parameters: {"controller"=>"content_pieces", "action"=>"index"}
  [4;36;1mContentPiece Load (1.9ms)[0m   [0;1mSELECT * FROM "content_pieces" [0m
Rendering template within layouts/application
Rendering content_pieces/index
Rendered shared/_scripts (0.1ms)
Completed in 27ms (View: 20, DB: 2) | 200 OK [http://localhost/content_pieces]
  [4;35;1mSQL (0.1ms)[0m   [0mSET client_min_messages TO 'panic'[0m
  [4;36;1mSQL (0.1ms)[0m   [0;1mSET standard_conforming_strings = on[0m
  [4;35;1mSQL (0.1ms)[0m   [0mSET client_min_messages TO 'notice'[0m


Processing AboutController#index (for 127.0.0.1 at 2010-10-22 10:13:30) [GET]
  Parameters: {"controller"=>"about", "action"=>"index"}
Rendering template within layouts/application
Rendering about/index
Rendered shared/_scripts (0.1ms)
Completed in 23ms (View: 21, DB: 0) | 200 OK [http://localhost/about/index]
  [4;36;1mSQL (0.1ms)[0m   [0;1mSET client_min_messages TO 'panic'[0m
  [4;35;1mSQL (0.1ms)[0m   [0mSET standard_conforming_strings = on[0m
  [4;36;1mSQL (0.1ms)[0m   [0;1mSET client_min_messages TO 'notice'[0m


Processing AboutController#index (for 127.0.0.1 at 2010-10-22 10:14:24) [GET]
  Parameters: {"controller"=>"about", "action"=>"index"}
  [4;35;1mContentPiece Load (40.7ms)[0m   [0mSELECT * FROM "content_pieces" WHERE (controller = 'about' AND view = 'index' AND area = 'main') ORDER BY created_at LIMIT 1[0m
Rendering template within layouts/application
Rendering about/index
Rendered shared/_scripts (0.1ms)
Completed in 48ms (View: 3, DB: 41) | 200 OK [http://localhost/about/index]
  [4;36;1mSQL (0.1ms)[0m   [0;1mSET client_min_messages TO 'panic'[0m
  [4;35;1mSQL (0.1ms)[0m   [0mSET standard_conforming_strings = on[0m
  [4;36;1mSQL (0.1ms)[0m   [0;1mSET client_min_messages TO 'notice'[0m


Processing AboutController#index (for 127.0.0.1 at 2010-10-22 10:14:57) [GET]
  Parameters: {"controller"=>"about", "action"=>"index"}
  [4;35;1mContentPiece Load (3.5ms)[0m   [0mSELECT * FROM "content_pieces" WHERE (controller = 'about' AND view = 'index' AND area = 'main') ORDER BY created_at LIMIT 1[0m
Rendering template within layouts/application
Rendering about/index
Rendered shared/_scripts (0.1ms)
Completed in 19ms (View: 11, DB: 4) | 200 OK [http://localhost/about/index]
  [4;36;1mSQL (0.1ms)[0m   [0;1mSET client_min_messages TO 'panic'[0m
  [4;35;1mSQL (0.1ms)[0m   [0mSET standard_conforming_strings = on[0m
  [4;36;1mSQL (0.1ms)[0m   [0;1mSET client_min_messages TO 'notice'[0m


Processing AboutController#index (for 127.0.0.1 at 2010-10-22 10:15:06) [GET]
  Parameters: {"controller"=>"about", "action"=>"index"}
  [4;35;1mContentPiece Load (3.7ms)[0m   [0mSELECT * FROM "content_pieces" WHERE (controller = 'about' AND view = 'index' AND area = 'main') ORDER BY created_at LIMIT 1[0m
Rendering template within layouts/application
Rendering about/index
Rendered shared/_scripts (0.1ms)
Completed in 19ms (View: 11, DB: 4) | 200 OK [http://localhost/about/index]
  [4;36;1mSQL (0.1ms)[0m   [0;1mSET client_min_messages TO 'panic'[0m
  [4;35;1mSQL (0.1ms)[0m   [0mSET standard_conforming_strings = on[0m
  [4;36;1mSQL (0.1ms)[0m   [0;1mSET client_min_messages TO 'notice'[0m


Processing AboutController#index (for 127.0.0.1 at 2010-10-22 10:15:17) [GET]
  Parameters: {"controller"=>"about", "action"=>"index"}
  [4;35;1mContentPiece Load (3.7ms)[0m   [0mSELECT * FROM "content_pieces" WHERE (controller = 'about' AND view = 'index' AND area = 'main') ORDER BY created_at LIMIT 1[0m
Rendering template within layouts/application
Rendering about/index
Rendered shared/_scripts (0.1ms)
Completed in 24ms (View: 16, DB: 4) | 200 OK [http://localhost/about/index]
  [4;36;1mSQL (0.1ms)[0m   [0;1mSET client_min_messages TO 'panic'[0m
  [4;35;1mSQL (0.1ms)[0m   [0mSET standard_conforming_strings = on[0m
  [4;36;1mSQL (0.1ms)[0m   [0;1mSET client_min_messages TO 'notice'[0m


Processing AboutController#index (for 127.0.0.1 at 2010-10-22 10:15:44) [GET]
  Parameters: {"controller"=>"about", "action"=>"index"}
  [4;35;1mContentPiece Load (3.9ms)[0m   [0mSELECT * FROM "content_pieces" WHERE (controller = 'about' AND view = 'index' AND area = 'main') ORDER BY created_at LIMIT 1[0m
Rendering template within layouts/application
Rendering about/index
Rendered shared/_scripts (0.1ms)
Completed in 34ms (View: 24, DB: 4) | 200 OK [http://localhost/about/index]
  [4;36;1mSQL (0.1ms)[0m   [0;1mSET client_min_messages TO 'panic'[0m
  [4;35;1mSQL (0.1ms)[0m   [0mSET standard_conforming_strings = on[0m
  [4;36;1mSQL (0.1ms)[0m   [0;1mSET client_min_messages TO 'notice'[0m


Processing AboutController#index (for 127.0.0.1 at 2010-10-22 10:28:21) [GET]
  Parameters: {"controller"=>"about", "action"=>"index"}
  [4;35;1mContentPiece Load (3.6ms)[0m   [0mSELECT * FROM "content_pieces" WHERE (controller = 'about' AND view = 'index' AND area = 'main') ORDER BY created_at LIMIT 1[0m
Rendering template within layouts/application
Rendering about/index

ActionView::TemplateError (uninitialized constant ApplicationController::UserSession) on line #19 of app/views/layouts/application.html.haml:
16:         = link_to 'about us', '/about'
17:         |
18:         = link_to 'about our team', '/about/team'
19:         - if current_user
20:           = link_to 'manage content', content_pieces_path
21:           = link_to 'logout', '/logout'
22:         - else

    app/controllers/application_controller.rb:26:in `current_user_session'
    app/controllers/application_controller.rb:30:in `current_user'
    (eval):2:in `current_user'
    app/views/layouts/application.html.haml:19:in `_run_haml_app47views47layouts47application46html46haml'
    haml (3.0.18) lib/haml/helpers/action_view_mods.rb:13:in `render_with_haml'
    haml (3.0.18) lib/haml/helpers/action_view_mods.rb:13:in `render_with_haml'
    haml (3.0.18) lib/sass/plugin/rack.rb:41:in `call'
    <internal:prelude>:8:in `synchronize'
    /opt/local/lib/ruby1.9/1.9.1/webrick/httpserver.rb:111:in `service'
    /opt/local/lib/ruby1.9/1.9.1/webrick/httpserver.rb:70:in `run'
    /opt/local/lib/ruby1.9/1.9.1/webrick/server.rb:183:in `block in start_thread'

Rendered rescues/_trace (80.9ms)
Rendered rescues/_request_and_response (1.5ms)
Rendering rescues/layout (internal_server_error)
  [4;36;1mSQL (0.1ms)[0m   [0;1mSET client_min_messages TO 'panic'[0m
  [4;35;1mSQL (0.1ms)[0m   [0mSET standard_conforming_strings = on[0m
  [4;36;1mSQL (0.1ms)[0m   [0;1mSET client_min_messages TO 'notice'[0m


Processing HomeController#index (for 127.0.0.1 at 2010-10-22 10:28:38) [GET]
  Parameters: {"controller"=>"home", "action"=>"index"}
  [4;35;1mContentPiece Load (3.6ms)[0m   [0mSELECT * FROM "content_pieces" WHERE (controller = 'home' AND view = 'index' AND area = 'main') ORDER BY created_at LIMIT 1[0m
Rendering template within layouts/application
Rendering home/index

ActionView::TemplateError (uninitialized constant ApplicationController::UserSession) on line #19 of app/views/layouts/application.html.haml:
16:         = link_to 'about us', '/about'
17:         |
18:         = link_to 'about our team', '/about/team'
19:         - if current_user
20:           = link_to 'manage content', content_pieces_path
21:           = link_to 'logout', '/logout'
22:         - else

    app/controllers/application_controller.rb:26:in `current_user_session'
    app/controllers/application_controller.rb:30:in `current_user'
    (eval):2:in `current_user'
    app/views/layouts/application.html.haml:19:in `_run_haml_app47views47layouts47application46html46haml'
    haml (3.0.18) lib/haml/helpers/action_view_mods.rb:13:in `render_with_haml'
    haml (3.0.18) lib/haml/helpers/action_view_mods.rb:13:in `render_with_haml'
    haml (3.0.18) lib/sass/plugin/rack.rb:41:in `call'
    <internal:prelude>:8:in `synchronize'
    /opt/local/lib/ruby1.9/1.9.1/webrick/httpserver.rb:111:in `service'
    /opt/local/lib/ruby1.9/1.9.1/webrick/httpserver.rb:70:in `run'
    /opt/local/lib/ruby1.9/1.9.1/webrick/server.rb:183:in `block in start_thread'

Rendered rescues/_trace (76.3ms)
Rendered rescues/_request_and_response (0.3ms)
Rendering rescues/layout (internal_server_error)
  [4;36;1mSQL (0.2ms)[0m   [0;1mSET client_min_messages TO 'panic'[0m
  [4;35;1mSQL (0.1ms)[0m   [0mSET standard_conforming_strings = on[0m
  [4;36;1mSQL (0.1ms)[0m   [0;1mSET client_min_messages TO 'notice'[0m


Processing HomeController#index (for 127.0.0.1 at 2010-10-22 10:31:34) [GET]
  Parameters: {"controller"=>"home", "action"=>"index"}

NoMethodError (undefined method `load_content_pieces' for #<HomeController:0x2c5a914>):
  haml (3.0.18) lib/sass/plugin/rack.rb:41:in `call'
  <internal:prelude>:8:in `synchronize'
  /opt/local/lib/ruby1.9/1.9.1/webrick/httpserver.rb:111:in `service'
  /opt/local/lib/ruby1.9/1.9.1/webrick/httpserver.rb:70:in `run'
  /opt/local/lib/ruby1.9/1.9.1/webrick/server.rb:183:in `block in start_thread'

Rendered rescues/_trace (55.1ms)
Rendered rescues/_request_and_response (0.3ms)
Rendering rescues/layout (internal_server_error)
  [4;35;1mSQL (0.1ms)[0m   [0mSET client_min_messages TO 'panic'[0m
  [4;36;1mSQL (0.1ms)[0m   [0;1mSET standard_conforming_strings = on[0m
  [4;35;1mSQL (0.1ms)[0m   [0mSET client_min_messages TO 'notice'[0m
/!\ FAILSAFE /!\  2010-10-22 10:32:04 -0400
  Status: 500 Internal Server Error
  /Users/rdonovan/projects/content_pieces_example/app/controllers/application_controller.rb:31: syntax error, unexpected $end, expecting keyword_end
    /opt/local/lib/ruby/gems/1.9.1/gems/activesupport-2.3.8/lib/active_support/dependencies.rb:380:in `load'
    /opt/local/lib/ruby/gems/1.9.1/gems/activesupport-2.3.8/lib/active_support/dependencies.rb:380:in `block in load_file'
    /opt/local/lib/ruby/gems/1.9.1/gems/activesupport-2.3.8/lib/active_support/dependencies.rb:521:in `new_constants_in'
    /opt/local/lib/ruby/gems/1.9.1/gems/activesupport-2.3.8/lib/active_support/dependencies.rb:379:in `load_file'
    /opt/local/lib/ruby/gems/1.9.1/gems/activesupport-2.3.8/lib/active_support/dependencies.rb:259:in `require_or_load'
    /opt/local/lib/ruby/gems/1.9.1/gems/activesupport-2.3.8/lib/active_support/dependencies.rb:425:in `load_missing_constant'
    /opt/local/lib/ruby/gems/1.9.1/gems/activesupport-2.3.8/lib/active_support/dependencies.rb:80:in `const_missing_with_dependencies'
    /opt/local/lib/ruby/gems/1.9.1/gems/activesupport-2.3.8/lib/active_support/dependencies.rb:92:in `const_missing'
    /opt/local/lib/ruby/gems/1.9.1/gems/actionpack-2.3.8/lib/action_controller/dispatcher.rb:89:in `rescue in dispatch'
    /opt/local/lib/ruby/gems/1.9.1/gems/actionpack-2.3.8/lib/action_controller/dispatcher.rb:96:in `dispatch'
    /opt/local/lib/ruby/gems/1.9.1/gems/actionpack-2.3.8/lib/action_controller/dispatcher.rb:121:in `_call'
    /opt/local/lib/ruby/gems/1.9.1/gems/actionpack-2.3.8/lib/action_controller/dispatcher.rb:130:in `block in build_middleware_stack'
    /opt/local/lib/ruby/gems/1.9.1/gems/activerecord-2.3.8/lib/active_record/query_cache.rb:29:in `call'
    /opt/local/lib/ruby/gems/1.9.1/gems/activerecord-2.3.8/lib/active_record/query_cache.rb:29:in `block in call'
    /opt/local/lib/ruby/gems/1.9.1/gems/activerecord-2.3.8/lib/active_record/connection_adapters/abstract/query_cache.rb:34:in `cache'
    /opt/local/lib/ruby/gems/1.9.1/gems/activerecord-2.3.8/lib/active_record/query_cache.rb:9:in `cache'
    /opt/local/lib/ruby/gems/1.9.1/gems/activerecord-2.3.8/lib/active_record/query_cache.rb:28:in `call'
    /opt/local/lib/ruby/gems/1.9.1/gems/activerecord-2.3.8/lib/active_record/connection_adapters/abstract/connection_pool.rb:361:in `call'
    /opt/local/lib/ruby/gems/1.9.1/gems/haml-3.0.18/lib/sass/plugin/rack.rb:41:in `call'
    /opt/local/lib/ruby/gems/1.9.1/gems/actionpack-2.3.8/lib/action_controller/string_coercion.rb:25:in `call'
    /opt/local/lib/ruby/gems/1.9.1/gems/rack-1.1.0/lib/rack/head.rb:9:in `call'
    /opt/local/lib/ruby/gems/1.9.1/gems/rack-1.1.0/lib/rack/methodoverride.rb:24:in `call'
    /opt/local/lib/ruby/gems/1.9.1/gems/actionpack-2.3.8/lib/action_controller/params_parser.rb:15:in `call'
    /opt/local/lib/ruby/gems/1.9.1/gems/actionpack-2.3.8/lib/action_controller/session/cookie_store.rb:99:in `call'
    /opt/local/lib/ruby/gems/1.9.1/gems/actionpack-2.3.8/lib/action_controller/failsafe.rb:26:in `call'
    /opt/local/lib/ruby/gems/1.9.1/gems/rack-1.1.0/lib/rack/lock.rb:11:in `block in call'
    <internal:prelude>:8:in `synchronize'
    /opt/local/lib/ruby/gems/1.9.1/gems/rack-1.1.0/lib/rack/lock.rb:11:in `call'
    /opt/local/lib/ruby/gems/1.9.1/gems/actionpack-2.3.8/lib/action_controller/dispatcher.rb:114:in `block in call'
    /opt/local/lib/ruby/gems/1.9.1/gems/actionpack-2.3.8/lib/action_controller/reloader.rb:34:in `run'
    /opt/local/lib/ruby/gems/1.9.1/gems/actionpack-2.3.8/lib/action_controller/dispatcher.rb:108:in `call'
    /opt/local/lib/ruby/gems/1.9.1/gems/rails-2.3.8/lib/rails/rack/static.rb:31:in `call'
    /opt/local/lib/ruby/gems/1.9.1/gems/rack-1.1.0/lib/rack/urlmap.rb:47:in `block in call'
    /opt/local/lib/ruby/gems/1.9.1/gems/rack-1.1.0/lib/rack/urlmap.rb:41:in `each'
    /opt/local/lib/ruby/gems/1.9.1/gems/rack-1.1.0/lib/rack/urlmap.rb:41:in `call'
    /opt/local/lib/ruby/gems/1.9.1/gems/rails-2.3.8/lib/rails/rack/log_tailer.rb:17:in `call'
    /opt/local/lib/ruby/gems/1.9.1/gems/rack-1.1.0/lib/rack/content_length.rb:13:in `call'
    /opt/local/lib/ruby/gems/1.9.1/gems/rack-1.1.0/lib/rack/handler/webrick.rb:48:in `service'
    /opt/local/lib/ruby1.9/1.9.1/webrick/httpserver.rb:111:in `service'
    /opt/local/lib/ruby1.9/1.9.1/webrick/httpserver.rb:70:in `run'
    /opt/local/lib/ruby1.9/1.9.1/webrick/server.rb:183:in `block in start_thread'
  [4;36;1mSQL (0.1ms)[0m   [0;1mSET client_min_messages TO 'panic'[0m
  [4;35;1mSQL (0.1ms)[0m   [0mSET standard_conforming_strings = on[0m
  [4;36;1mSQL (0.1ms)[0m   [0;1mSET client_min_messages TO 'notice'[0m


Processing HomeController#index (for 127.0.0.1 at 2010-10-22 10:32:14) [GET]
  Parameters: {"controller"=>"home", "action"=>"index"}
  [4;35;1mContentPiece Load (3.6ms)[0m   [0mSELECT * FROM "content_pieces" WHERE (controller = 'home' AND view = 'index' AND area = 'main') ORDER BY created_at LIMIT 1[0m
Rendering template within layouts/application
Rendering home/index

ActionView::TemplateError (uninitialized constant ApplicationController::UserSession) on line #19 of app/views/layouts/application.html.haml:
16:         = link_to 'about us', '/about'
17:         |
18:         = link_to 'about our team', '/about/team'
19:         - if current_user
20:           = link_to 'manage content', content_pieces_path
21:           = link_to 'logout', '/logout'
22:         - else

    app/controllers/application_controller.rb:21:in `current_user_session'
    app/controllers/application_controller.rb:25:in `current_user'
    (eval):2:in `current_user'
    app/views/layouts/application.html.haml:19:in `_run_haml_app47views47layouts47application46html46haml'
    haml (3.0.18) lib/haml/helpers/action_view_mods.rb:13:in `render_with_haml'
    haml (3.0.18) lib/haml/helpers/action_view_mods.rb:13:in `render_with_haml'
    haml (3.0.18) lib/sass/plugin/rack.rb:41:in `call'
    <internal:prelude>:8:in `synchronize'
    /opt/local/lib/ruby1.9/1.9.1/webrick/httpserver.rb:111:in `service'
    /opt/local/lib/ruby1.9/1.9.1/webrick/httpserver.rb:70:in `run'
    /opt/local/lib/ruby1.9/1.9.1/webrick/server.rb:183:in `block in start_thread'

Rendered rescues/_trace (75.5ms)
Rendered rescues/_request_and_response (0.3ms)
Rendering rescues/layout (internal_server_error)
  [4;36;1mSQL (0.1ms)[0m   [0;1mSET client_min_messages TO 'panic'[0m
  [4;35;1mSQL (0.1ms)[0m   [0mSET standard_conforming_strings = on[0m
  [4;36;1mSQL (0.1ms)[0m   [0;1mSET client_min_messages TO 'notice'[0m


Processing HomeController#index (for 127.0.0.1 at 2010-10-22 10:33:02) [GET]
  Parameters: {"controller"=>"home", "action"=>"index"}
  [4;35;1mContentPiece Load (3.5ms)[0m   [0mSELECT * FROM "content_pieces" WHERE (controller = 'home' AND view = 'index' AND area = 'main') ORDER BY created_at LIMIT 1[0m
Rendering template within layouts/application
Rendering home/index

ActionView::TemplateError (uninitialized constant ApplicationController::UserSession) on line #19 of app/views/layouts/application.html.haml:
16:         = link_to 'about us', '/about'
17:         |
18:         = link_to 'about our team', '/about/team'
19:         - if current_user
20:           = link_to 'manage content', content_pieces_path
21:           = link_to 'logout', '/logout'
22:         - else

    app/controllers/application_controller.rb:21:in `current_user_session'
    app/controllers/application_controller.rb:25:in `current_user'
    (eval):2:in `current_user'
    app/views/layouts/application.html.haml:19:in `_run_haml_app47views47layouts47application46html46haml'
    haml (3.0.18) lib/haml/helpers/action_view_mods.rb:13:in `render_with_haml'
    haml (3.0.18) lib/haml/helpers/action_view_mods.rb:13:in `render_with_haml'
    haml (3.0.18) lib/sass/plugin/rack.rb:41:in `call'
    <internal:prelude>:8:in `synchronize'
    /opt/local/lib/ruby1.9/1.9.1/webrick/httpserver.rb:111:in `service'
    /opt/local/lib/ruby1.9/1.9.1/webrick/httpserver.rb:70:in `run'
    /opt/local/lib/ruby1.9/1.9.1/webrick/server.rb:183:in `block in start_thread'

Rendered rescues/_trace (85.6ms)
Rendered rescues/_request_and_response (1.5ms)
Rendering rescues/layout (internal_server_error)
  [4;36;1mSQL (0.1ms)[0m   [0;1mSET client_min_messages TO 'panic'[0m
  [4;35;1mSQL (0.2ms)[0m   [0mSET standard_conforming_strings = on[0m
  [4;36;1mSQL (0.1ms)[0m   [0;1mSET client_min_messages TO 'notice'[0m


Processing HomeController#index (for 127.0.0.1 at 2010-10-22 10:33:57) [GET]
  Parameters: {"controller"=>"home", "action"=>"index"}
  [4;35;1mContentPiece Load (3.7ms)[0m   [0mSELECT * FROM "content_pieces" WHERE (controller = 'home' AND view = 'index' AND area = 'main') ORDER BY created_at LIMIT 1[0m
Rendering template within layouts/application
Rendering home/index

ActionView::TemplateError (uninitialized constant ApplicationController::UserSession) on line #19 of app/views/layouts/application.html.haml:
16:         = link_to 'about us', '/about'
17:         |
18:         = link_to 'about our team', '/about/team'
19:         - if !current_user.nil?
20:           = link_to 'manage content', content_pieces_path
21:           = link_to 'logout', '/logout'
22:         - else

    app/controllers/application_controller.rb:21:in `current_user_session'
    app/controllers/application_controller.rb:25:in `current_user'
    (eval):2:in `current_user'
    app/views/layouts/application.html.haml:19:in `_run_haml_app47views47layouts47application46html46haml'
    haml (3.0.18) lib/haml/helpers/action_view_mods.rb:13:in `render_with_haml'
    haml (3.0.18) lib/haml/helpers/action_view_mods.rb:13:in `render_with_haml'
    haml (3.0.18) lib/sass/plugin/rack.rb:41:in `call'
    <internal:prelude>:8:in `synchronize'
    /opt/local/lib/ruby1.9/1.9.1/webrick/httpserver.rb:111:in `service'
    /opt/local/lib/ruby1.9/1.9.1/webrick/httpserver.rb:70:in `run'
    /opt/local/lib/ruby1.9/1.9.1/webrick/server.rb:183:in `block in start_thread'

Rendered rescues/_trace (128.1ms)
Rendered rescues/_request_and_response (0.3ms)
Rendering rescues/layout (internal_server_error)
  [4;36;1mSQL (0.1ms)[0m   [0;1mSET client_min_messages TO 'panic'[0m
  [4;35;1mSQL (0.1ms)[0m   [0mSET standard_conforming_strings = on[0m
  [4;36;1mSQL (0.1ms)[0m   [0;1mSET client_min_messages TO 'notice'[0m


Processing HomeController#index (for 127.0.0.1 at 2010-10-22 10:35:24) [GET]
  Parameters: {"controller"=>"home", "action"=>"index"}
  [4;35;1mContentPiece Load (3.8ms)[0m   [0mSELECT * FROM "content_pieces" WHERE (controller = 'home' AND view = 'index' AND area = 'main') ORDER BY created_at LIMIT 1[0m
Rendering template within layouts/application
Rendering home/index
Rendered shared/_scripts (0.6ms)
Completed in 30ms (View: 22, DB: 4) | 200 OK [http://localhost/]
  [4;36;1mSQL (0.1ms)[0m   [0;1mSET client_min_messages TO 'panic'[0m
  [4;35;1mSQL (0.1ms)[0m   [0mSET standard_conforming_strings = on[0m
  [4;36;1mSQL (0.1ms)[0m   [0;1mSET client_min_messages TO 'notice'[0m


Processing AboutController#team (for 127.0.0.1 at 2010-10-22 10:35:27) [GET]
  Parameters: {"controller"=>"about", "action"=>"team"}
  [4;35;1mContentPiece Load (3.6ms)[0m   [0mSELECT * FROM "content_pieces" WHERE (controller = 'about' AND view = 'team' AND area = 'main') ORDER BY created_at LIMIT 1[0m
Rendering template within layouts/application
Rendering about/team
Rendered shared/_scripts (0.1ms)
Completed in 46ms (View: 38, DB: 4) | 200 OK [http://localhost/about/team]
  [4;36;1mSQL (0.1ms)[0m   [0;1mSET client_min_messages TO 'panic'[0m
  [4;35;1mSQL (0.1ms)[0m   [0mSET standard_conforming_strings = on[0m
  [4;36;1mSQL (0.1ms)[0m   [0;1mSET client_min_messages TO 'notice'[0m


Processing AboutController#index (for 127.0.0.1 at 2010-10-22 10:35:30) [GET]
  Parameters: {"controller"=>"about", "action"=>"index"}
  [4;35;1mContentPiece Load (3.7ms)[0m   [0mSELECT * FROM "content_pieces" WHERE (controller = 'about' AND view = 'index' AND area = 'main') ORDER BY created_at LIMIT 1[0m
Rendering template within layouts/application
Rendering about/index
Rendered shared/_scripts (0.1ms)
Completed in 81ms (View: 73, DB: 4) | 200 OK [http://localhost/about]
  [4;36;1mSQL (0.1ms)[0m   [0;1mSET client_min_messages TO 'panic'[0m
  [4;35;1mSQL (0.1ms)[0m   [0mSET standard_conforming_strings = on[0m
  [4;36;1mSQL (0.1ms)[0m   [0;1mSET client_min_messages TO 'notice'[0m


Processing HomeController#index (for 127.0.0.1 at 2010-10-22 10:35:31) [GET]
  Parameters: {"controller"=>"home", "action"=>"index"}
  [4;35;1mContentPiece Load (3.6ms)[0m   [0mSELECT * FROM "content_pieces" WHERE (controller = 'home' AND view = 'index' AND area = 'main') ORDER BY created_at LIMIT 1[0m
Rendering template within layouts/application
Rendering home/index
Rendered shared/_scripts (0.1ms)
Completed in 11ms (View: 3, DB: 4) | 200 OK [http://localhost/]
  [4;36;1mSQL (0.1ms)[0m   [0;1mSET client_min_messages TO 'panic'[0m
  [4;35;1mSQL (0.1ms)[0m   [0mSET standard_conforming_strings = on[0m
  [4;36;1mSQL (0.1ms)[0m   [0;1mSET client_min_messages TO 'notice'[0m


Processing AboutController#index (for 127.0.0.1 at 2010-10-22 10:35:33) [GET]
  Parameters: {"controller"=>"about", "action"=>"index"}
  [4;35;1mContentPiece Load (3.7ms)[0m   [0mSELECT * FROM "content_pieces" WHERE (controller = 'about' AND view = 'index' AND area = 'main') ORDER BY created_at LIMIT 1[0m
Rendering template within layouts/application
Rendering about/index
Rendered shared/_scripts (0.1ms)
Completed in 16ms (View: 7, DB: 4) | 200 OK [http://localhost/about]
  [4;36;1mSQL (0.1ms)[0m   [0;1mSET client_min_messages TO 'panic'[0m
  [4;35;1mSQL (0.1ms)[0m   [0mSET standard_conforming_strings = on[0m
  [4;36;1mSQL (0.1ms)[0m   [0;1mSET client_min_messages TO 'notice'[0m


Processing AboutController#team (for 127.0.0.1 at 2010-10-22 10:35:34) [GET]
  Parameters: {"controller"=>"about", "action"=>"team"}
  [4;35;1mContentPiece Load (3.6ms)[0m   [0mSELECT * FROM "content_pieces" WHERE (controller = 'about' AND view = 'team' AND area = 'main') ORDER BY created_at LIMIT 1[0m
Rendering template within layouts/application
Rendering about/team
Rendered shared/_scripts (0.1ms)
Completed in 11ms (View: 3, DB: 4) | 200 OK [http://localhost/about/team]
  [4;36;1mSQL (0.1ms)[0m   [0;1mSET client_min_messages TO 'panic'[0m
  [4;35;1mSQL (0.1ms)[0m   [0mSET standard_conforming_strings = on[0m
  [4;36;1mSQL (0.1ms)[0m   [0;1mSET client_min_messages TO 'notice'[0m


Processing AboutController#index (for 127.0.0.1 at 2010-10-22 10:35:35) [GET]
  Parameters: {"controller"=>"about", "action"=>"index"}
  [4;35;1mContentPiece Load (3.6ms)[0m   [0mSELECT * FROM "content_pieces" WHERE (controller = 'about' AND view = 'index' AND area = 'main') ORDER BY created_at LIMIT 1[0m
Rendering template within layouts/application
Rendering about/index
Rendered shared/_scripts (0.1ms)
Completed in 15ms (View: 7, DB: 4) | 200 OK [http://localhost/about]
  [4;36;1mSQL (0.1ms)[0m   [0;1mSET client_min_messages TO 'panic'[0m
  [4;35;1mSQL (0.1ms)[0m   [0mSET standard_conforming_strings = on[0m
  [4;36;1mSQL (0.1ms)[0m   [0;1mSET client_min_messages TO 'notice'[0m


Processing HomeController#index (for 127.0.0.1 at 2010-10-22 10:35:37) [GET]
  Parameters: {"controller"=>"home", "action"=>"index"}
  [4;35;1mContentPiece Load (3.7ms)[0m   [0mSELECT * FROM "content_pieces" WHERE (controller = 'home' AND view = 'index' AND area = 'main') ORDER BY created_at LIMIT 1[0m
Rendering template within layouts/application
Rendering home/index
Rendered shared/_scripts (0.1ms)
Completed in 11ms (View: 3, DB: 4) | 200 OK [http://localhost/]
  [4;36;1mSQL (0.1ms)[0m   [0;1mSET client_min_messages TO 'panic'[0m
  [4;35;1mSQL (0.1ms)[0m   [0mSET standard_conforming_strings = on[0m
  [4;36;1mSQL (0.1ms)[0m   [0;1mSET client_min_messages TO 'notice'[0m


Processing HomeController#index (for 127.0.0.1 at 2010-10-22 10:37:20) [GET]
  Parameters: {"controller"=>"home", "action"=>"index"}
  [4;35;1mContentPiece Load (3.7ms)[0m   [0mSELECT * FROM "content_pieces" WHERE (controller = 'home' AND view = 'index' AND area = 'main') ORDER BY created_at LIMIT 1[0m
Rendering template within layouts/application
Rendering home/index
  [4;36;1mUser Load (25.1ms)[0m   [0;1mSELECT * FROM "users" WHERE ("users"."id" = 1) [0m
Rendered shared/_scripts (0.1ms)
Completed in 82ms (View: 49, DB: 29) | 200 OK [http://localhost/]
  [4;35;1mSQL (0.1ms)[0m   [0mSET client_min_messages TO 'panic'[0m
  [4;36;1mSQL (0.1ms)[0m   [0;1mSET standard_conforming_strings = on[0m
  [4;35;1mSQL (0.1ms)[0m   [0mSET client_min_messages TO 'notice'[0m


Processing HomeController#index (for 127.0.0.1 at 2010-10-22 10:37:35) [GET]
  Parameters: {"controller"=>"home", "action"=>"index"}
  [4;36;1mContentPiece Load (3.6ms)[0m   [0;1mSELECT * FROM "content_pieces" WHERE (controller = 'home' AND view = 'index' AND area = 'main') ORDER BY created_at LIMIT 1[0m
Rendering template within layouts/application
Rendering home/index
  [4;35;1mUser Load (0.4ms)[0m   [0mSELECT * FROM "users" WHERE ("users"."id" = 1) [0m
Rendered shared/_scripts (0.1ms)
Completed in 29ms (View: 21, DB: 4) | 200 OK [http://localhost/]
  [4;36;1mSQL (0.1ms)[0m   [0;1mSET client_min_messages TO 'panic'[0m
  [4;35;1mSQL (0.1ms)[0m   [0mSET standard_conforming_strings = on[0m
  [4;36;1mSQL (0.3ms)[0m   [0;1mSET client_min_messages TO 'notice'[0m


Processing HomeController#index (for 127.0.0.1 at 2010-10-22 10:37:47) [GET]
  Parameters: {"controller"=>"home", "action"=>"index"}
  [4;35;1mContentPiece Load (3.6ms)[0m   [0mSELECT * FROM "content_pieces" WHERE (controller = 'home' AND view = 'index' AND area = 'main') ORDER BY created_at LIMIT 1[0m
Rendering template within layouts/application
Rendering home/index
  [4;36;1mUser Load (0.4ms)[0m   [0;1mSELECT * FROM "users" WHERE ("users"."id" = 1) [0m
Rendered shared/_scripts (0.1ms)
Completed in 29ms (View: 21, DB: 4) | 200 OK [http://localhost/]
  [4;35;1mSQL (0.1ms)[0m   [0mSET client_min_messages TO 'panic'[0m
  [4;36;1mSQL (0.1ms)[0m   [0;1mSET standard_conforming_strings = on[0m
  [4;35;1mSQL (0.1ms)[0m   [0mSET client_min_messages TO 'notice'[0m


Processing SessionsController#destroy (for 127.0.0.1 at 2010-10-22 10:37:49) [GET]
  Parameters: {"controller"=>"sessions", "action"=>"destroy"}
  [4;36;1mContentPiece Load (3.7ms)[0m   [0;1mSELECT * FROM "content_pieces" WHERE (controller = 'sessions' AND view = 'destroy' AND area = 'main') ORDER BY created_at LIMIT 1[0m
Redirected to http://localhost:3000/
Completed in 9ms (DB: 4) | 302 Found [http://localhost/logout]
  [4;35;1mSQL (0.1ms)[0m   [0mSET client_min_messages TO 'panic'[0m
  [4;36;1mSQL (0.1ms)[0m   [0;1mSET standard_conforming_strings = on[0m
  [4;35;1mSQL (0.1ms)[0m   [0mSET client_min_messages TO 'notice'[0m


Processing HomeController#index (for 127.0.0.1 at 2010-10-22 10:37:49) [GET]
  Parameters: {"controller"=>"home", "action"=>"index"}
  [4;36;1mContentPiece Load (4.2ms)[0m   [0;1mSELECT * FROM "content_pieces" WHERE (controller = 'home' AND view = 'index' AND area = 'main') ORDER BY created_at LIMIT 1[0m
Rendering template within layouts/application
Rendering home/index
Rendered shared/_scripts (0.1ms)
Completed in 12ms (View: 3, DB: 4) | 200 OK [http://localhost/]
  [4;35;1mSQL (0.1ms)[0m   [0mSET client_min_messages TO 'panic'[0m
  [4;36;1mSQL (0.1ms)[0m   [0;1mSET standard_conforming_strings = on[0m
  [4;35;1mSQL (0.1ms)[0m   [0mSET client_min_messages TO 'notice'[0m


Processing SessionsController#new (for 127.0.0.1 at 2010-10-22 10:37:52) [GET]
  Parameters: {"controller"=>"sessions", "action"=>"new"}
  [4;36;1mContentPiece Load (3.6ms)[0m   [0;1mSELECT * FROM "content_pieces" WHERE (controller = 'sessions' AND view = 'new' AND area = 'main') ORDER BY created_at LIMIT 1[0m
Rendering template within layouts/application
Rendering sessions/new

ActionView::TemplateError (undefined method `ext_field_tag' for #<ActionView::Base:0x2b02c80>) on line #11 of app/views/sessions/new.html.haml:
8:   %p
9:     =label_tag :login, "Username or Email Address"
10:     %br
11:     = ext_field_tag :login, params[:login]
12:   %p
13:     = label_tag :password 
14:     %br

    app/views/sessions/new.html.haml:11:in `block in _run_haml_app47views47sessions47new46html46haml'
    haml (3.0.18) lib/haml/helpers/action_view_mods.rb:202:in `call'
    haml (3.0.18) lib/haml/helpers/action_view_mods.rb:202:in `block in form_tag_with_haml'
    haml (3.0.18) lib/haml/helpers.rb:588:in `call'
    haml (3.0.18) lib/haml/helpers.rb:588:in `block in haml_bind_proc'
    haml (3.0.18) lib/haml/helpers.rb:343:in `call'
    haml (3.0.18) lib/haml/helpers.rb:343:in `block in capture_haml'
    haml (3.0.18) lib/haml/helpers.rb:566:in `with_haml_buffer'
    haml (3.0.18) lib/haml/helpers.rb:339:in `capture_haml'
    haml (3.0.18) lib/haml/helpers/action_view_mods.rb:88:in `capture_with_haml'
    haml (3.0.18) lib/haml/helpers/action_view_mods.rb:208:in `form_tag_with_haml'
    app/views/sessions/new.html.haml:7:in `_run_haml_app47views47sessions47new46html46haml'
    haml (3.0.18) lib/haml/helpers/action_view_mods.rb:13:in `render_with_haml'
    haml (3.0.18) lib/haml/helpers/action_view_mods.rb:13:in `render_with_haml'
    haml (3.0.18) lib/sass/plugin/rack.rb:41:in `call'
    <internal:prelude>:8:in `synchronize'
    /opt/local/lib/ruby1.9/1.9.1/webrick/httpserver.rb:111:in `service'
    /opt/local/lib/ruby1.9/1.9.1/webrick/httpserver.rb:70:in `run'
    /opt/local/lib/ruby1.9/1.9.1/webrick/server.rb:183:in `block in start_thread'

Rendered rescues/_trace (90.1ms)
Rendered rescues/_request_and_response (0.3ms)
Rendering rescues/layout (internal_server_error)
  [4;35;1mSQL (0.1ms)[0m   [0mSET client_min_messages TO 'panic'[0m
  [4;36;1mSQL (0.1ms)[0m   [0;1mSET standard_conforming_strings = on[0m
  [4;35;1mSQL (0.1ms)[0m   [0mSET client_min_messages TO 'notice'[0m


Processing SessionsController#new (for 127.0.0.1 at 2010-10-22 10:38:20) [GET]
  Parameters: {"controller"=>"sessions", "action"=>"new"}
  [4;36;1mContentPiece Load (3.9ms)[0m   [0;1mSELECT * FROM "content_pieces" WHERE (controller = 'sessions' AND view = 'new' AND area = 'main') ORDER BY created_at LIMIT 1[0m
Rendering template within layouts/application
Rendering sessions/new
Rendered shared/_scripts (0.1ms)
Completed in 23ms (View: 13, DB: 4) | 200 OK [http://localhost/login]
  [4;35;1mSQL (0.1ms)[0m   [0mSET client_min_messages TO 'panic'[0m
  [4;36;1mSQL (0.1ms)[0m   [0;1mSET standard_conforming_strings = on[0m
  [4;35;1mSQL (0.1ms)[0m   [0mSET client_min_messages TO 'notice'[0m


Processing SessionsController#create (for 127.0.0.1 at 2010-10-22 10:38:30) [POST]
  Parameters: {"authenticity_token"=>"wfiNYoIlyMTd8SM+YcAK5TtYj0pw2+m9C990vLEKHc8=", "login"=>"rachel", "password"=>"[FILTERED]", "commit"=>"Log in", "controller"=>"sessions", "action"=>"create"}
  [4;36;1mContentPiece Load (3.5ms)[0m   [0;1mSELECT * FROM "content_pieces" WHERE (controller = 'sessions' AND view = 'create' AND area = 'main') ORDER BY created_at LIMIT 1[0m
  [4;35;1mUser Load (0.6ms)[0m   [0mSELECT * FROM "users" WHERE ("users"."username" = 'rachel') LIMIT 1[0m
Redirected to http://localhost:3000/
Completed in 159ms (DB: 4) | 302 Found [http://localhost/sessions]
  [4;36;1mSQL (0.1ms)[0m   [0;1mSET client_min_messages TO 'panic'[0m
  [4;35;1mSQL (0.1ms)[0m   [0mSET standard_conforming_strings = on[0m
  [4;36;1mSQL (0.1ms)[0m   [0;1mSET client_min_messages TO 'notice'[0m


Processing HomeController#index (for 127.0.0.1 at 2010-10-22 10:38:30) [GET]
  Parameters: {"controller"=>"home", "action"=>"index"}
  [4;35;1mContentPiece Load (3.9ms)[0m   [0mSELECT * FROM "content_pieces" WHERE (controller = 'home' AND view = 'index' AND area = 'main') ORDER BY created_at LIMIT 1[0m
Rendering template within layouts/application
Rendering home/index
  [4;36;1mUser Load (0.4ms)[0m   [0;1mSELECT * FROM "users" WHERE ("users"."id" = 1) [0m
Rendered shared/_scripts (0.1ms)
Completed in 19ms (View: 10, DB: 5) | 200 OK [http://localhost/]
  [4;35;1mSQL (0.1ms)[0m   [0mSET client_min_messages TO 'panic'[0m
  [4;36;1mSQL (0.1ms)[0m   [0;1mSET standard_conforming_strings = on[0m
  [4;35;1mSQL (0.1ms)[0m   [0mSET client_min_messages TO 'notice'[0m


Processing ContentPiecesController#index (for 127.0.0.1 at 2010-10-22 10:38:33) [GET]
  Parameters: {"controller"=>"content_pieces", "action"=>"index"}
  [4;36;1mContentPiece Load (3.7ms)[0m   [0;1mSELECT * FROM "content_pieces" WHERE (controller = 'content_pieces' AND view = 'index' AND area = 'main') ORDER BY created_at LIMIT 1[0m
  [4;35;1mContentPiece Load (0.3ms)[0m   [0mSELECT * FROM "content_pieces" [0m
Rendering template within layouts/application
Rendering content_pieces/index
  [4;36;1mUser Load (0.5ms)[0m   [0;1mSELECT * FROM "users" WHERE ("users"."id" = 1) [0m
Rendered shared/_scripts (0.1ms)
Completed in 33ms (View: 24, DB: 5) | 200 OK [http://localhost/content_pieces]
  [4;35;1mSQL (0.1ms)[0m   [0mSET client_min_messages TO 'panic'[0m
  [4;36;1mSQL (0.1ms)[0m   [0;1mSET standard_conforming_strings = on[0m
  [4;35;1mSQL (0.1ms)[0m   [0mSET client_min_messages TO 'notice'[0m


Processing HomeController#index (for 127.0.0.1 at 2010-10-22 10:38:38) [GET]
  Parameters: {"controller"=>"home", "action"=>"index"}
  [4;36;1mContentPiece Load (3.5ms)[0m   [0;1mSELECT * FROM "content_pieces" WHERE (controller = 'home' AND view = 'index' AND area = 'main') ORDER BY created_at LIMIT 1[0m
Rendering template within layouts/application
Rendering home/index
  [4;35;1mUser Load (0.4ms)[0m   [0mSELECT * FROM "users" WHERE ("users"."id" = 1) [0m
Rendered shared/_scripts (0.1ms)
Completed in 17ms (View: 9, DB: 4) | 200 OK [http://localhost/]
  [4;36;1mSQL (0.1ms)[0m   [0;1mSET client_min_messages TO 'panic'[0m
  [4;35;1mSQL (0.1ms)[0m   [0mSET standard_conforming_strings = on[0m
  [4;36;1mSQL (0.1ms)[0m   [0;1mSET client_min_messages TO 'notice'[0m


Processing HomeController#index (for 127.0.0.1 at 2010-10-22 10:43:03) [GET]
  Parameters: {"controller"=>"home", "action"=>"index"}
  [4;35;1mContentPiece Load (3.8ms)[0m   [0mSELECT * FROM "content_pieces" WHERE (controller = 'home' AND view = 'index' AND area = 'main') ORDER BY created_at LIMIT 1[0m
Rendering template within layouts/application
Rendering home/index
  [4;36;1mUser Load (0.4ms)[0m   [0;1mSELECT * FROM "users" WHERE ("users"."id" = 1) [0m
Rendered shared/_scripts (0.1ms)
Completed in 30ms (View: 21, DB: 5) | 200 OK [http://localhost/]
  [4;35;1mSQL (0.1ms)[0m   [0mSET client_min_messages TO 'panic'[0m
  [4;36;1mSQL (0.1ms)[0m   [0;1mSET standard_conforming_strings = on[0m
  [4;35;1mSQL (0.1ms)[0m   [0mSET client_min_messages TO 'notice'[0m


Processing ContentPiecesController#index (for 127.0.0.1 at 2010-10-22 10:44:29) [GET]
  Parameters: {"controller"=>"content_pieces", "action"=>"index"}
  [4;36;1mContentPiece Load (3.5ms)[0m   [0;1mSELECT * FROM "content_pieces" WHERE (controller = 'content_pieces' AND view = 'index' AND area = 'main') ORDER BY created_at LIMIT 1[0m

NoMethodError (undefined method `admin_login_required' for #<ContentPiecesController:0x2a77d04>):
  haml (3.0.18) lib/sass/plugin/rack.rb:41:in `call'
  <internal:prelude>:8:in `synchronize'
  /opt/local/lib/ruby1.9/1.9.1/webrick/httpserver.rb:111:in `service'
  /opt/local/lib/ruby1.9/1.9.1/webrick/httpserver.rb:70:in `run'
  /opt/local/lib/ruby1.9/1.9.1/webrick/server.rb:183:in `block in start_thread'

Rendered rescues/_trace (55.3ms)
Rendered rescues/_request_and_response (0.3ms)
Rendering rescues/layout (internal_server_error)
  [4;35;1mSQL (0.1ms)[0m   [0mSET client_min_messages TO 'panic'[0m
  [4;36;1mSQL (0.1ms)[0m   [0;1mSET standard_conforming_strings = on[0m
  [4;35;1mSQL (0.1ms)[0m   [0mSET client_min_messages TO 'notice'[0m


Processing ContentPiecesController#index (for 127.0.0.1 at 2010-10-22 10:45:35) [GET]
  Parameters: {"controller"=>"content_pieces", "action"=>"index"}
  [4;36;1mContentPiece Load (3.8ms)[0m   [0;1mSELECT * FROM "content_pieces" WHERE (controller = 'content_pieces' AND view = 'index' AND area = 'main') ORDER BY created_at LIMIT 1[0m
  [4;35;1mUser Load (0.5ms)[0m   [0mSELECT * FROM "users" WHERE ("users"."id" = 1) [0m
  [4;36;1mContentPiece Load (0.2ms)[0m   [0;1mSELECT * FROM "content_pieces" [0m
Rendering template within layouts/application
Rendering content_pieces/index
Rendered shared/_scripts (0.1ms)
Completed in 23ms (View: 7, DB: 5) | 200 OK [http://localhost/content_pieces]
  [4;35;1mSQL (0.1ms)[0m   [0mSET client_min_messages TO 'panic'[0m
  [4;36;1mSQL (0.1ms)[0m   [0;1mSET standard_conforming_strings = on[0m
  [4;35;1mSQL (0.1ms)[0m   [0mSET client_min_messages TO 'notice'[0m


Processing SessionsController#destroy (for 127.0.0.1 at 2010-10-22 10:45:38) [GET]
  Parameters: {"controller"=>"sessions", "action"=>"destroy"}
  [4;36;1mContentPiece Load (3.7ms)[0m   [0;1mSELECT * FROM "content_pieces" WHERE (controller = 'sessions' AND view = 'destroy' AND area = 'main') ORDER BY created_at LIMIT 1[0m
Redirected to http://localhost:3000/
Completed in 10ms (DB: 4) | 302 Found [http://localhost/logout]
  [4;35;1mSQL (0.1ms)[0m   [0mSET client_min_messages TO 'panic'[0m
  [4;36;1mSQL (0.1ms)[0m   [0;1mSET standard_conforming_strings = on[0m
  [4;35;1mSQL (0.1ms)[0m   [0mSET client_min_messages TO 'notice'[0m


Processing HomeController#index (for 127.0.0.1 at 2010-10-22 10:45:38) [GET]
  Parameters: {"controller"=>"home", "action"=>"index"}
  [4;36;1mContentPiece Load (4.1ms)[0m   [0;1mSELECT * FROM "content_pieces" WHERE (controller = 'home' AND view = 'index' AND area = 'main') ORDER BY created_at LIMIT 1[0m
Rendering template within layouts/application
Rendering home/index
Rendered shared/_scripts (0.1ms)
Completed in 12ms (View: 3, DB: 4) | 200 OK [http://localhost/]
  [4;35;1mSQL (0.1ms)[0m   [0mSET client_min_messages TO 'panic'[0m
  [4;36;1mSQL (0.1ms)[0m   [0;1mSET standard_conforming_strings = on[0m
  [4;35;1mSQL (0.1ms)[0m   [0mSET client_min_messages TO 'notice'[0m


Processing ContentPiecesController#index (for 127.0.0.1 at 2010-10-22 10:45:42) [GET]
  Parameters: {"controller"=>"content_pieces", "action"=>"index"}
  [4;36;1mContentPiece Load (4.0ms)[0m   [0;1mSELECT * FROM "content_pieces" WHERE (controller = 'content_pieces' AND view = 'index' AND area = 'main') ORDER BY created_at LIMIT 1[0m
Redirected to http://localhost:3000/login
Filter chain halted as [:login_required] rendered_or_redirected.
Completed in 7ms (DB: 4) | 302 Found [http://localhost/content_pieces]
  [4;35;1mSQL (0.1ms)[0m   [0mSET client_min_messages TO 'panic'[0m
  [4;36;1mSQL (0.1ms)[0m   [0;1mSET standard_conforming_strings = on[0m
  [4;35;1mSQL (0.1ms)[0m   [0mSET client_min_messages TO 'notice'[0m


Processing SessionsController#new (for 127.0.0.1 at 2010-10-22 10:45:42) [GET]
  Parameters: {"controller"=>"sessions", "action"=>"new"}
  [4;36;1mContentPiece Load (3.6ms)[0m   [0;1mSELECT * FROM "content_pieces" WHERE (controller = 'sessions' AND view = 'new' AND area = 'main') ORDER BY created_at LIMIT 1[0m
Rendering template within layouts/application
Rendering sessions/new
Rendered shared/_scripts (0.1ms)
Completed in 12ms (View: 4, DB: 4) | 200 OK [http://localhost/login]
  [4;35;1mSQL (0.1ms)[0m   [0mSET client_min_messages TO 'panic'[0m
  [4;36;1mSQL (0.1ms)[0m   [0;1mSET standard_conforming_strings = on[0m
  [4;35;1mSQL (0.1ms)[0m   [0mSET client_min_messages TO 'notice'[0m


Processing HomeController#index (for 127.0.0.1 at 2010-10-22 10:45:46) [GET]
  Parameters: {"controller"=>"home", "action"=>"index"}
  [4;36;1mContentPiece Load (3.5ms)[0m   [0;1mSELECT * FROM "content_pieces" WHERE (controller = 'home' AND view = 'index' AND area = 'main') ORDER BY created_at LIMIT 1[0m
Rendering template within layouts/application
Rendering home/index
Rendered shared/_scripts (0.1ms)
Completed in 11ms (View: 3, DB: 4) | 200 OK [http://localhost/]
